2025-07-06 03:57:59.362: [INFO][Sync] Reset engine, reason: 8
2025-07-06 03:57:59.362: [INFO][Sync] Stopped: Bookmarks
2025-07-06 03:57:59.362: [INFO][Sync] Stopped: Preferences
2025-07-06 03:57:59.362: [INFO][Sync] Stopped: Passwords
2025-07-06 03:57:59.362: [INFO][Sync] Stopped: Autofill Profiles
2025-07-06 03:57:59.362: [INFO][Sync] Stopped: Autofill
2025-07-06 03:57:59.362: [INFO][Sync] Stopped: Extensions
2025-07-06 03:57:59.362: [INFO][Sync] Stopped: Sessions
2025-07-06 03:57:59.362: [INFO][Sync] Stopped: Extension settings
2025-07-06 03:57:59.362: [INFO][Sync] Stopped: History Delete Directives
2025-07-06 03:57:59.362: [INFO][Sync] Stopped: Device Info
2025-07-06 03:57:59.362: [INFO][Sync] Stopped: User Consents
2025-07-06 03:57:59.362: [INFO][Sync] Stopped: Send Tab To Self
2025-07-06 03:57:59.362: [INFO][Sync] Stopped: Web Apps
2025-07-06 03:57:59.362: [INFO][Sync] Stopped: History
2025-07-06 03:57:59.362: [INFO][Sync] Stopped: Saved Tab Group
2025-07-06 03:57:59.362: [INFO][Sync] Stopped: WebAuthn Credentials
2025-07-06 03:57:59.362: [INFO][Sync] Stopped: Collection
2025-07-06 03:57:59.362: [INFO][Sync] Stopped: Edge E Drop
2025-07-06 03:57:59.362: [INFO][Sync] Stopped: Edge Hub App Usage
2025-07-06 03:57:59.362: [INFO][Sync] Stopped: Edge Wallet
2025-07-06 03:57:59.362: [INFO][Sync] SyncState after authenticated was: NotSignedIn
2025-07-06 03:57:59.840: [INFO][Sync] Reset engine, reason: 8
2025-07-06 03:57:59.840: [INFO][Sync] Stopped: Bookmarks
2025-07-06 03:57:59.840: [INFO][Sync] Stopped: Preferences
2025-07-06 03:57:59.840: [INFO][Sync] Stopped: Passwords
2025-07-06 03:57:59.840: [INFO][Sync] Stopped: Autofill Profiles
2025-07-06 03:57:59.840: [INFO][Sync] Stopped: Autofill
2025-07-06 03:57:59.840: [INFO][Sync] Stopped: Extensions
2025-07-06 03:57:59.840: [INFO][Sync] Stopped: Sessions
2025-07-06 03:57:59.840: [INFO][Sync] Stopped: Extension settings
2025-07-06 03:57:59.840: [INFO][Sync] Stopped: History Delete Directives
2025-07-06 03:57:59.840: [INFO][Sync] Stopped: Device Info
2025-07-06 03:57:59.840: [INFO][Sync] Stopped: User Consents
2025-07-06 03:57:59.840: [INFO][Sync] Stopped: Send Tab To Self
2025-07-06 03:57:59.840: [INFO][Sync] Stopped: Web Apps
2025-07-06 03:57:59.840: [INFO][Sync] Stopped: History
2025-07-06 03:57:59.840: [INFO][Sync] Stopped: Saved Tab Group
2025-07-06 03:57:59.840: [INFO][Sync] Stopped: WebAuthn Credentials
2025-07-06 03:57:59.840: [INFO][Sync] Stopped: Collection
2025-07-06 03:57:59.840: [INFO][Sync] Stopped: Edge E Drop
2025-07-06 03:57:59.840: [INFO][Sync] Stopped: Edge Hub App Usage
2025-07-06 03:57:59.840: [INFO][Sync] Stopped: Edge Wallet
2025-07-06 03:58:40.690: [INFO][Sync] Reset engine, reason: 0
2025-07-06 03:59:11.107: [INFO][Sync] SyncState after authenticated was: FeatureNotSetup
2025-07-06 03:59:50.584: [INFO][Sync] Reset engine, reason: 0
2025-07-06 04:02:09.588: [INFO][Sync] SyncState after authenticated was: FeatureNotSetup
2025-07-06 04:03:02.462: [INFO][Sync] Reset engine, reason: 0
